  Test project C:/Users/Marty/Documents/STUDIA/KWTM/project/build
      Start 1: LaborkaPodstawowyTest
  1/3 Test #1: LaborkaPodstawowyTest ............   Passed    0.01 sec
      Start 2: LaborkaWynikSin45
  2/3 Test #2: LaborkaWynikSin45 ................***Failed  Required regular expression not found. Regex=[0[.,]70710
  ]  0.01 sec
      Start 3: Laborka3sek
  3/3 Test #3: Laborka3sek ......................   Passed    0.01 sec
  
  67% tests passed, 1 tests failed out of 3
  
  Total Test time (real) =   0.05 sec
  
  The following tests FAILED:
  	  2 - LaborkaWynikSin45 (Failed)
  Errors while running CTest
  Output from these tests are in: C:/Users/Marty/Documents/STUDIA/KWTM/project/build/Testing/Temporary/LastTest.log
  Use "--rerun-failed --output-on-failure" to re-run the failed cases verbosely.
C:\Program Files (x86)\Microsoft Visual Studio\2019\Community\MSBuild\Microsoft\VC\v160\Microsoft.CppCommon.targets(155,5): error MSB3073: The command "setlocal
C:\Program Files (x86)\Microsoft Visual Studio\2019\Community\MSBuild\Microsoft\VC\v160\Microsoft.CppCommon.targets(155,5): error MSB3073: "C:\Program Files\CMake\bin\ctest.exe" --force-new-ctest-process -C Debug
C:\Program Files (x86)\Microsoft Visual Studio\2019\Community\MSBuild\Microsoft\VC\v160\Microsoft.CppCommon.targets(155,5): error MSB3073: if %errorlevel% neq 0 goto :cmEnd
C:\Program Files (x86)\Microsoft Visual Studio\2019\Community\MSBuild\Microsoft\VC\v160\Microsoft.CppCommon.targets(155,5): error MSB3073: :cmEnd
C:\Program Files (x86)\Microsoft Visual Studio\2019\Community\MSBuild\Microsoft\VC\v160\Microsoft.CppCommon.targets(155,5): error MSB3073: endlocal & call :cmErrorLevel %errorlevel% & goto :cmDone
C:\Program Files (x86)\Microsoft Visual Studio\2019\Community\MSBuild\Microsoft\VC\v160\Microsoft.CppCommon.targets(155,5): error MSB3073: :cmErrorLevel
C:\Program Files (x86)\Microsoft Visual Studio\2019\Community\MSBuild\Microsoft\VC\v160\Microsoft.CppCommon.targets(155,5): error MSB3073: exit /b %1
C:\Program Files (x86)\Microsoft Visual Studio\2019\Community\MSBuild\Microsoft\VC\v160\Microsoft.CppCommon.targets(155,5): error MSB3073: :cmDone
C:\Program Files (x86)\Microsoft Visual Studio\2019\Community\MSBuild\Microsoft\VC\v160\Microsoft.CppCommon.targets(155,5): error MSB3073: if %errorlevel% neq 0 goto :VCEnd
C:\Program Files (x86)\Microsoft Visual Studio\2019\Community\MSBuild\Microsoft\VC\v160\Microsoft.CppCommon.targets(155,5): error MSB3073: :VCEnd" exited with code 8.
